0 info it worked if it ends with ok
1 verbose cli [ 'D:\\node\\node.exe',
1 verbose cli   'D:\\node\\node_modules\\npm\\bin\\npm-cli.js',
1 verbose cli   'run',
1 verbose cli   'build' ]
2 info using npm@3.10.10
3 info using node@v6.11.3
4 verbose run-script [ 'prebuild', 'build', 'postbuild' ]
5 info lifecycle rentophila@1.0.0~prebuild: rentophila@1.0.0
6 silly lifecycle rentophila@1.0.0~prebuild: no script for prebuild, continuing
7 info lifecycle rentophila@1.0.0~build: rentophila@1.0.0
8 verbose lifecycle rentophila@1.0.0~build: unsafe-perm in lifecycle true
9 verbose lifecycle rentophila@1.0.0~build: PATH: D:\node\node_modules\npm\bin\node-gyp-bin;C:\Users\Toshik\Documents\GitHub\rentxx123\node_modules\.bin;C:\Windows\system32;C:\Windows;C:\Windows\System32\Wbem;C:\Windows\System32\WindowsPowerShell\v1.0\;C:\Program Files (x86)\Heroku\bin;C:\Program Files (x86)\git\cmd;C:\Program Files (x86)\NVIDIA Corporation\PhysX\Common;C:\Program Files (x86)\GtkSharp\2.12\bin;D:\node\;D:\Mongo\bin;D:\Mongo\bin;E:\visual studio\Microsoft VS Code\bin;C:\Users\Toshik\AppData\Local\GitHubDesktop\bin;C:\Users\Toshik\AppData\Roaming\npm
10 verbose lifecycle rentophila@1.0.0~build: CWD: C:\Users\Toshik\Documents\GitHub\rentxx123
11 silly lifecycle rentophila@1.0.0~build: Args: [ '/d /s /c',
11 silly lifecycle   'babel src -s -D -d dist --presets es2015,stage-0' ]
12 silly lifecycle rentophila@1.0.0~build: Returned: code: 1  signal: null
13 info lifecycle rentophila@1.0.0~build: Failed to exec build script
14 verbose stack Error: rentophila@1.0.0 build: `babel src -s -D -d dist --presets es2015,stage-0`
14 verbose stack Exit status 1
14 verbose stack     at EventEmitter.<anonymous> (D:\node\node_modules\npm\lib\utils\lifecycle.js:255:16)
14 verbose stack     at emitTwo (events.js:106:13)
14 verbose stack     at EventEmitter.emit (events.js:191:7)
14 verbose stack     at ChildProcess.<anonymous> (D:\node\node_modules\npm\lib\utils\spawn.js:40:14)
14 verbose stack     at emitTwo (events.js:106:13)
14 verbose stack     at ChildProcess.emit (events.js:191:7)
14 verbose stack     at maybeClose (internal/child_process.js:920:16)
14 verbose stack     at Process.ChildProcess._handle.onexit (internal/child_process.js:230:5)
15 verbose pkgid rentophila@1.0.0
16 verbose cwd C:\Users\Toshik\Documents\GitHub\rentxx123
17 error Windows_NT 6.1.7601
18 error argv "D:\\node\\node.exe" "D:\\node\\node_modules\\npm\\bin\\npm-cli.js" "run" "build"
19 error node v6.11.3
20 error npm  v3.10.10
21 error code ELIFECYCLE
22 error rentophila@1.0.0 build: `babel src -s -D -d dist --presets es2015,stage-0`
22 error Exit status 1
23 error Failed at the rentophila@1.0.0 build script 'babel src -s -D -d dist --presets es2015,stage-0'.
23 error Make sure you have the latest version of node.js and npm installed.
23 error If you do, this is most likely a problem with the rentophila package,
23 error not with npm itself.
23 error Tell the author that this fails on your system:
23 error     babel src -s -D -d dist --presets es2015,stage-0
23 error You can get information on how to open an issue for this project with:
23 error     npm bugs rentophila
23 error Or if that isn't available, you can get their info via:
23 error     npm owner ls rentophila
23 error There is likely additional logging output above.
24 verbose exit [ 1, true ]
